<?xml version="1.0" encoding="UTF-8"?>
<!-- Generated by org.testng.reporters.JUnitReportReporter -->
<testsuite hostname="DESKTOP-9KN8F3N" failures="0" tests="1" name="com.medsol1.testcases.TC_Admin_delete" time="21.871" errors="0" timestamp="2023-06-23T17:29:40 IST" skipped="0">
  <testcase classname="com.medsol1.testcases.TC_Admin_delete" name="Admindelete" time="21.871"/>
  <system-out/>
</testsuite> <!-- com.medsol1.testcases.TC_Admin_delete -->
