<?xml version="1.0" encoding="UTF-8"?>
<!-- Generated by org.testng.reporters.JUnitReportReporter -->
<testsuite hostname="DESKTOP-9KN8F3N" failures="0" tests="1" name="com.medsol1.testcases.TC_Logintest_created" time="7.477" errors="0" timestamp="2023-06-26T14:51:29 IST" skipped="0">
  <testcase classname="com.medsol1.testcases.TC_Logintest_created" name="logintest" time="7.477"/>
  <system-out/>
</testsuite> <!-- com.medsol1.testcases.TC_Logintest_created -->
